<?xml version="1.0" encoding="UTF-8"?>
<!-- Generated by org.testng.reporters.JUnitReportReporter -->
<testsuite hostname="DESKTOP-6E13JVC" failures="0" tests="3" name="com.bw.qa.excel.ExcelDataProviderTest" time="50.210" errors="0" timestamp="2023-04-04T07:54:09 IST" skipped="0">
  <testcase classname="com.bw.qa.excel.ExcelDataProviderTest" name="test1" time="20.400"/>
  <system-out/>
  <testcase classname="com.bw.qa.excel.ExcelDataProviderTest" name="test1" time="17.039"/>
  <system-out/>
  <testcase classname="com.bw.qa.excel.ExcelDataProviderTest" name="test1" time="12.771"/>
  <system-out/>
</testsuite> <!-- com.bw.qa.excel.ExcelDataProviderTest -->
