<?xml version="1.0" encoding="UTF-8"?>
<!-- Generated by org.testng.reporters.JUnitReportReporter -->
<testsuite hostname="DESKTOP-6E13JVC" failures="0" tests="3" name="com.bw.qa.testcases.BestSellersTest" time="34.882" errors="0" timestamp="2023-04-03T19:55:32 IST" skipped="0">
  <testcase classname="com.bw.qa.testcases.BestSellersTest" name="toClickOnBestSellersPage" time="10.246"/>
  <system-out/>
  <testcase classname="com.bw.qa.testcases.BestSellersTest" name="toClickOnBhagavadGitaBook" time="13.105"/>
  <system-out/>
  <testcase classname="com.bw.qa.testcases.BestSellersTest" name="toClickOnBuyNow" time="11.531"/>
  <system-out/>
</testsuite> <!-- com.bw.qa.testcases.BestSellersTest -->
