<?xml version="1.0" encoding="UTF-8"?>
<!-- Generated by org.testng.reporters.JUnitReportReporter -->
<testsuite hostname="DESKTOP-6E13JVC" failures="0" tests="2" name="com.bw.qa.testcases.LoginPageTest" time="20.400" errors="0" timestamp="2023-04-03T19:55:32 IST" skipped="0">
  <testcase classname="com.bw.qa.testcases.LoginPageTest" name="loginPageTitleTest" time="8.521"/>
  <system-out/>
  <testcase classname="com.bw.qa.testcases.LoginPageTest" name="loginTest" time="11.879"/>
  <system-out/>
</testsuite> <!-- com.bw.qa.testcases.LoginPageTest -->
