<?xml version="1.0" encoding="UTF-8"?>
<!-- Generated by org.testng.reporters.JUnitReportReporter -->
<testsuite hostname="DESKTOP-6E13JVC" failures="0" tests="1" name="com.bw.qa.testcases.NewArrivalsPageTest" time="19.760" errors="0" timestamp="2023-04-03T19:55:32 IST" skipped="0">
  <testcase classname="com.bw.qa.testcases.NewArrivalsPageTest" name="toClickOnNewArrivalsLink" time="19.760"/>
  <system-out/>
</testsuite> <!-- com.bw.qa.testcases.NewArrivalsPageTest -->
